  Main.cpp
d:\4_1\game_server_programming\2019_iocp_server_sample\2019_iocp_server_sample\protocol.h(62): warning C4068: 알 수 없는 pragma입니다.
c:\program files (x86)\microsoft visual studio\2017\community\vc\tools\msvc\14.16.27023\include\tuple(1305): error C2512: 'SOCKETINFO::SOCKETINFO': 사용할 수 있는 적절한 기본 생성자가 없습니다.
  c:\program files (x86)\microsoft visual studio\2017\community\vc\tools\msvc\14.16.27023\include\tuple(1318): note: 컴파일 중인 함수 템플릿 인스턴스화 'std::pair<const _Kty,_Ty>::pair<std::tuple<const char &>,std::tuple<>,0,>(_Tuple1 &,_Tuple2 &,std::integer_sequence<unsigned int,0>,std::integer_sequence<unsigned int>)'에 대한 참조를 확인하십시오.
          with
          [
              _Kty=char,
              _Ty=SOCKETINFO,
              _Tuple1=std::tuple<const char &>,
              _Tuple2=std::tuple<>
          ]
  c:\program files (x86)\microsoft visual studio\2017\community\vc\tools\msvc\14.16.27023\include\tuple(1318): note: 컴파일 중인 함수 템플릿 인스턴스화 'std::pair<const _Kty,_Ty>::pair<std::tuple<const char &>,std::tuple<>,0,>(_Tuple1 &,_Tuple2 &,std::integer_sequence<unsigned int,0>,std::integer_sequence<unsigned int>)'에 대한 참조를 확인하십시오.
          with
          [
              _Kty=char,
              _Ty=SOCKETINFO,
              _Tuple1=std::tuple<const char &>,
              _Tuple2=std::tuple<>
          ]
  c:\program files (x86)\microsoft visual studio\2017\community\vc\tools\msvc\14.16.27023\include\xmemory0(879): note: 컴파일 중인 함수 템플릿 인스턴스화 'std::pair<const _Kty,_Ty>::pair<const char&,>(std::piecewise_construct_t,std::tuple<const char &>,std::tuple<>)'에 대한 참조를 확인하십시오.
          with
          [
              _Kty=char,
              _Ty=SOCKETINFO
          ]
  c:\program files (x86)\microsoft visual studio\2017\community\vc\tools\msvc\14.16.27023\include\xmemory0(881): note: 컴파일 중인 함수 템플릿 인스턴스화 'std::pair<const _Kty,_Ty>::pair<const char&,>(std::piecewise_construct_t,std::tuple<const char &>,std::tuple<>)'에 대한 참조를 확인하십시오.
          with
          [
              _Kty=char,
              _Ty=SOCKETINFO
          ]
  c:\program files (x86)\microsoft visual studio\2017\community\vc\tools\msvc\14.16.27023\include\xtree(976): note: 컴파일 중인 함수 템플릿 인스턴스화 'void std::_Default_allocator_traits<_Alloc>::construct<_Ty,const std::piecewise_construct_t&,std::tuple<const char &>,std::tuple<>>(_Alloc &,_Objty *const ,const std::piecewise_construct_t &,std::tuple<const char &> &&,std::tuple<> &&)'에 대한 참조를 확인하십시오.
          with
          [
              _Alloc=std::allocator<std::_Tree_node<std::pair<const char,SOCKETINFO>,std::_Default_allocator_traits<std::allocator<std::pair<const char,SOCKETINFO>>>::void_pointer>>,
              _Ty=std::pair<const char,SOCKETINFO>,
              _Objty=std::pair<const char,SOCKETINFO>
          ]
  c:\program files (x86)\microsoft visual studio\2017\community\vc\tools\msvc\14.16.27023\include\xtree(983): note: 컴파일 중인 함수 템플릿 인스턴스화 'void std::_Default_allocator_traits<_Alloc>::construct<_Ty,const std::piecewise_construct_t&,std::tuple<const char &>,std::tuple<>>(_Alloc &,_Objty *const ,const std::piecewise_construct_t &,std::tuple<const char &> &&,std::tuple<> &&)'에 대한 참조를 확인하십시오.
          with
          [
              _Alloc=std::allocator<std::_Tree_node<std::pair<const char,SOCKETINFO>,std::_Default_allocator_traits<std::allocator<std::pair<const char,SOCKETINFO>>>::void_pointer>>,
              _Ty=std::pair<const char,SOCKETINFO>,
              _Objty=std::pair<const char,SOCKETINFO>
          ]
  c:\program files (x86)\microsoft visual studio\2017\community\vc\tools\msvc\14.16.27023\include\xtree(1161): note: 컴파일 중인 함수 템플릿 인스턴스화 'std::_Tree_node<_Ty,std::_Default_allocator_traits<_Alloc>::void_pointer> *std::_Tree_comp_alloc<_Traits>::_Buynode<const std::piecewise_construct_t&,std::tuple<const char &>,std::tuple<>>(const std::piecewise_construct_t &,std::tuple<const char &> &&,std::tuple<> &&)'에 대한 참조를 확인하십시오.
          with
          [
              _Ty=std::pair<const char,SOCKETINFO>,
              _Alloc=std::allocator<std::pair<const char,SOCKETINFO>>,
              _Traits=std::_Tmap_traits<char,SOCKETINFO,std::less<char>,std::allocator<std::pair<const char,SOCKETINFO>>,false>
          ]
  c:\program files (x86)\microsoft visual studio\2017\community\vc\tools\msvc\14.16.27023\include\xtree(1162): note: 컴파일 중인 함수 템플릿 인스턴스화 'std::_Tree_node<_Ty,std::_Default_allocator_traits<_Alloc>::void_pointer> *std::_Tree_comp_alloc<_Traits>::_Buynode<const std::piecewise_construct_t&,std::tuple<const char &>,std::tuple<>>(const std::piecewise_construct_t &,std::tuple<const char &> &&,std::tuple<> &&)'에 대한 참조를 확인하십시오.
          with
          [
              _Ty=std::pair<const char,SOCKETINFO>,
              _Alloc=std::allocator<std::pair<const char,SOCKETINFO>>,
              _Traits=std::_Tmap_traits<char,SOCKETINFO,std::less<char>,std::allocator<std::pair<const char,SOCKETINFO>>,false>
          ]
  c:\program files (x86)\microsoft visual studio\2017\community\vc\tools\msvc\14.16.27023\include\map(227): note: 컴파일 중인 함수 템플릿 인스턴스화 'std::_Tree_iterator<std::_Tree_val<std::_Tree_simple_types<_Ty>>> std::_Tree<std::_Tmap_traits<_Kty,SOCKETINFO,_Pr,_Alloc,false>>::emplace_hint<const std::piecewise_construct_t&,std::tuple<const char &>,std::tuple<>>(std::_Tree_const_iterator<std::_Tree_val<std::_Tree_simple_types<_Ty>>>,const std::piecewise_construct_t &,std::tuple<const char &> &&,std::tuple<> &&)'에 대한 참조를 확인하십시오.
          with
          [
              _Ty=std::pair<const char,SOCKETINFO>,
              _Kty=char,
              _Pr=std::less<char>,
              _Alloc=std::allocator<std::pair<const char,SOCKETINFO>>
          ]
  c:\program files (x86)\microsoft visual studio\2017\community\vc\tools\msvc\14.16.27023\include\map(232): note: 컴파일 중인 함수 템플릿 인스턴스화 'std::_Tree_iterator<std::_Tree_val<std::_Tree_simple_types<_Ty>>> std::_Tree<std::_Tmap_traits<_Kty,SOCKETINFO,_Pr,_Alloc,false>>::emplace_hint<const std::piecewise_construct_t&,std::tuple<const char &>,std::tuple<>>(std::_Tree_const_iterator<std::_Tree_val<std::_Tree_simple_types<_Ty>>>,const std::piecewise_construct_t &,std::tuple<const char &> &&,std::tuple<> &&)'에 대한 참조를 확인하십시오.
          with
          [
              _Ty=std::pair<const char,SOCKETINFO>,
              _Kty=char,
              _Pr=std::less<char>,
              _Alloc=std::allocator<std::pair<const char,SOCKETINFO>>
          ]
  c:\program files (x86)\microsoft visual studio\2017\community\vc\tools\msvc\14.16.27023\include\map(247): note: 컴파일 중인 함수 템플릿 인스턴스화 'std::pair<std::_Tree_iterator<std::_Tree_val<std::_Tree_simple_types<_Ty>>>,bool> std::map<char,SOCKETINFO,std::less<_Kty>,std::allocator<_Ty>>::_Try_emplace<const char&,>(_Keyty)'에 대한 참조를 확인하십시오.
          with
          [
              _Ty=std::pair<const char,SOCKETINFO>,
              _Kty=char,
              _Keyty=const char &
          ]
  c:\program files (x86)\microsoft visual studio\2017\community\vc\tools\msvc\14.16.27023\include\map(248): note: 컴파일 중인 함수 템플릿 인스턴스화 'std::pair<std::_Tree_iterator<std::_Tree_val<std::_Tree_simple_types<_Ty>>>,bool> std::map<char,SOCKETINFO,std::less<_Kty>,std::allocator<_Ty>>::_Try_emplace<const char&,>(_Keyty)'에 대한 참조를 확인하십시오.
          with
          [
              _Ty=std::pair<const char,SOCKETINFO>,
              _Kty=char,
              _Keyty=const char &
          ]
  c:\program files (x86)\microsoft visual studio\2017\community\vc\tools\msvc\14.16.27023\include\map(363): note: 컴파일 중인 함수 템플릿 인스턴스화 'std::pair<std::_Tree_iterator<std::_Tree_val<std::_Tree_simple_types<_Ty>>>,bool> std::map<char,SOCKETINFO,std::less<_Kty>,std::allocator<_Ty>>::try_emplace<>(const char &)'에 대한 참조를 확인하십시오.
          with
          [
              _Ty=std::pair<const char,SOCKETINFO>,
              _Kty=char
          ]
  c:\program files (x86)\microsoft visual studio\2017\community\vc\tools\msvc\14.16.27023\include\map(363): note: 컴파일 중인 함수 템플릿 인스턴스화 'std::pair<std::_Tree_iterator<std::_Tree_val<std::_Tree_simple_types<_Ty>>>,bool> std::map<char,SOCKETINFO,std::less<_Kty>,std::allocator<_Ty>>::try_emplace<>(const char &)'에 대한 참조를 확인하십시오.
          with
          [
              _Ty=std::pair<const char,SOCKETINFO>,
              _Kty=char
          ]
  c:\program files (x86)\microsoft visual studio\2017\community\vc\tools\msvc\14.16.27023\include\map(362): note: 클래스 템플릿 멤버 함수 'SOCKETINFO &std::map<char,SOCKETINFO,std::less<_Kty>,std::allocator<std::pair<const _Kty,_Ty>>>::operator [](const char &)'을(를) 컴파일하고 있습니다.
          with
          [
              _Kty=char,
              _Ty=SOCKETINFO
          ]
  d:\4_1\game_server_programming\2019_iocp_server_sample\2019_iocp_server_sample\main.cpp(48): note: 컴파일 중인 함수 템플릿 인스턴스화 'SOCKETINFO &std::map<char,SOCKETINFO,std::less<_Kty>,std::allocator<std::pair<const _Kty,_Ty>>>::operator [](const char &)'에 대한 참조를 확인하십시오.
          with
          [
              _Kty=char,
              _Ty=SOCKETINFO
          ]
  d:\4_1\game_server_programming\2019_iocp_server_sample\2019_iocp_server_sample\main.cpp(42): note: 컴파일 중인 클래스 템플릿 인스턴스화 'std::map<char,SOCKETINFO,std::less<_Kty>,std::allocator<std::pair<const _Kty,_Ty>>>'에 대한 참조를 확인하세요.
          with
          [
              _Kty=char,
              _Ty=SOCKETINFO
          ]
