  stdafx.cpp
  Chess.cpp
  GameObject.cpp
  LoadPng.cpp
d:\4_1\game_server_programming\2019 게임서버[수목] 2013180038 조태준 숙제 2번\client\simplegame\loadpng.cpp(800): warning C4334: '<<': 32비트 시프트의 결과가 암시적으로 64비트로 변환됩니다. 64비트 시프트를 사용하시겠습니까?
d:\4_1\game_server_programming\2019 게임서버[수목] 2013180038 조태준 숙제 2번\client\simplegame\loadpng.cpp(1462): warning C4267: '=': 'size_t'에서 'int'(으)로 변환하면서 데이터가 손실될 수 있습니다.
d:\4_1\game_server_programming\2019 게임서버[수목] 2013180038 조태준 숙제 2번\client\simplegame\loadpng.cpp(1466): warning C4267: '=': 'size_t'에서 'int'(으)로 변환하면서 데이터가 손실될 수 있습니다.
d:\4_1\game_server_programming\2019 게임서버[수목] 2013180038 조태준 숙제 2번\client\simplegame\loadpng.cpp(1538): warning C4267: '=': 'size_t'에서 'unsigned int'(으)로 변환하면서 데이터가 손실될 수 있습니다.
d:\4_1\game_server_programming\2019 게임서버[수목] 2013180038 조태준 숙제 2번\client\simplegame\loadpng.cpp(3483): warning C4334: '<<': 32비트 시프트의 결과가 암시적으로 64비트로 변환됩니다. 64비트 시프트를 사용하시겠습니까?
d:\4_1\game_server_programming\2019 게임서버[수목] 2013180038 조태준 숙제 2번\client\simplegame\loadpng.cpp(3497): warning C4267: '인수': 'size_t'에서 'unsigned int'(으)로 변환하면서 데이터가 손실될 수 있습니다.
d:\4_1\game_server_programming\2019 게임서버[수목] 2013180038 조태준 숙제 2번\client\simplegame\loadpng.cpp(4338): warning C4267: '=': 'size_t'에서 'unsigned int'(으)로 변환하면서 데이터가 손실될 수 있습니다.
d:\4_1\game_server_programming\2019 게임서버[수목] 2013180038 조태준 숙제 2번\client\simplegame\loadpng.cpp(4386): warning C4267: '=': 'size_t'에서 'unsigned int'(으)로 변환하면서 데이터가 손실될 수 있습니다.
d:\4_1\game_server_programming\2019 게임서버[수목] 2013180038 조태준 숙제 2번\client\simplegame\loadpng.cpp(4466): warning C4267: '=': 'size_t'에서 'unsigned int'(으)로 변환하면서 데이터가 손실될 수 있습니다.
d:\4_1\game_server_programming\2019 게임서버[수목] 2013180038 조태준 숙제 2번\client\simplegame\loadpng.cpp(5409): warning C4267: '초기화 중': 'size_t'에서 'unsigned int'(으)로 변환하면서 데이터가 손실될 수 있습니다.
  Network.cpp
  PlayerManager.cpp
d:\4_1\game_server_programming\2019 게임서버[수목] 2013180038 조태준 숙제 2번\client\simplegame\playermanager.cpp(65): warning C4311: '형식 캐스트': 'void *'에서 'int'(으)로 포인터가 잘립니다.
d:\4_1\game_server_programming\2019 게임서버[수목] 2013180038 조태준 숙제 2번\client\simplegame\playermanager.cpp(65): warning C4302: '형식 캐스트': 'void *'에서 'int'(으)로 잘립니다.
  Rect.cpp
  Renderer.cpp
d:\4_1\game_server_programming\2019 게임서버[수목] 2013180038 조태준 숙제 2번\client\simplegame\renderer.cpp(226): warning C4267: '=': 'size_t'에서 'GLint'(으)로 변환하면서 데이터가 손실될 수 있습니다.
d:\4_1\game_server_programming\2019 게임서버[수목] 2013180038 조태준 숙제 2번\client\simplegame\renderer.cpp(515): warning C4244: '인수': 'float'에서 'GLint'(으)로 변환하면서 데이터가 손실될 수 있습니다.
d:\4_1\game_server_programming\2019 게임서버[수목] 2013180038 조태준 숙제 2번\client\simplegame\renderer.cpp(591): warning C4018: '<': signed 또는 unsigned가 일치하지 않습니다.
  SceneMgr.cpp
d:\4_1\game_server_programming\2019 게임서버[수목] 2013180038 조태준 숙제 2번\client\simplegame\scenemgr.cpp(26): warning C4244: '인수': 'float'에서 'int'(으)로 변환하면서 데이터가 손실될 수 있습니다.
d:\4_1\game_server_programming\2019 게임서버[수목] 2013180038 조태준 숙제 2번\client\simplegame\scenemgr.cpp(52): warning C4244: '인수': 'int'에서 'float'(으)로 변환하면서 데이터가 손실될 수 있습니다.
  SimpleGame.cpp
d:\4_1\game_server_programming\2019 게임서버[수목] 2013180038 조태준 숙제 2번\client\simplegame\simplegame.cpp(60): warning C4312: '형식 캐스트': 'int'에서 더 큰 'void *'(으)로의 변환입니다.
d:\4_1\game_server_programming\2019 게임서버[수목] 2013180038 조태준 숙제 2번\client\simplegame\simplegame.cpp(79): warning C4244: '인수': 'float'에서 'int'(으)로 변환하면서 데이터가 손실될 수 있습니다.
  코드를 생성하고 있습니다...
  SimpleGame.vcxproj -> D:\4_1\Game_Server_Programming\2019 게임서버[수목] 2013180038 조태준 숙제 2번\Client\x64\Debug\SimpleGame.exe
